<?xml version="1.0" encoding="UTF-8"?>
<!-- Generated by org.testng.reporters.JUnitXMLReporter -->
<testsuite ignored="0" hostname="IndraSharma" failures="0" tests="3" name="Submit Order Test" time="18.035" errors="0" timestamp="2025-11-13T10:17:17 IST">
  <testcase classname="biz4group.tests.submitOrder" name="submitOrder" time="2.834"/>
  <testcase classname="biz4group.tests.submitOrder" name="submitOrder" time="2.793"/>
  <testcase classname="biz4group.tests.submitOrder" name="orderHistory" time="0.572"/>
</testsuite> <!-- Submit Order Test -->
