<?xml version="1.0" encoding="UTF-8"?>
<!-- Generated by org.testng.reporters.JUnitXMLReporter -->
<testsuite ignored="0" hostname="IndraSharma" failures="0" tests="3" name="Submit Order Test" time="12.11" errors="0" timestamp="2026-02-04T15:25:16 IST">
  <testcase classname="biz4group.tests.submitOrder" name="submitOrder" time="3.133"/>
  <testcase classname="biz4group.tests.submitOrder" name="submitOrder" time="2.952"/>
  <testcase classname="biz4group.tests.submitOrder" name="orderHistory" time="0.641"/>
</testsuite> <!-- Submit Order Test -->
