<?xml version="1.0" encoding="UTF-8"?>
<!-- Generated by org.testng.reporters.JUnitXMLReporter -->
<testsuite ignored="0" hostname="IndraSharma" failures="0" tests="3" name="Submit Order Test" time="98.015" errors="0" timestamp="2026-02-18T15:31:24 IST">
  <testcase classname="biz4group.tests.submitOrder" name="submitOrder" time="45.712"/>
  <testcase classname="biz4group.tests.submitOrder" name="submitOrder" time="45.463"/>
  <testcase classname="biz4group.tests.submitOrder" name="orderHistory" time="0.387"/>
</testsuite> <!-- Submit Order Test -->
