<?xml version="1.0" encoding="UTF-8"?>
<testng-results ignored="0" total="5" passed="5" failed="0" skipped="0">
  <reporter-output>
  </reporter-output>
  <suite started-at="2026-02-18T15:29:46 IST" name="Suite" finished-at="2026-02-18T15:31:53 IST" duration-ms="127273">
    <groups>
      <group name="ErrorHandling">
        <method signature="ErrorValidation.submitOrder()[pri:0, instance:biz4group.tests.ErrorValidation@35047d03]" name="submitOrder" class="biz4group.tests.ErrorValidation"/>
      </group> <!-- ErrorHandling -->
      <group name="purchase">
        <method signature="submitOrder.submitOrder(java.util.HashMap)[pri:0, instance:biz4group.tests.submitOrder@2f177a4b]" name="submitOrder" class="biz4group.tests.submitOrder"/>
      </group> <!-- purchase -->
    </groups>
    <test started-at="2026-02-18T15:29:46 IST" name="Submit Order Test" finished-at="2026-02-18T15:31:24 IST" duration-ms="98015">
      <class name="biz4group.tests.submitOrder">
        <test-method is-config="true" signature="openApplication()[pri:0, instance:biz4group.tests.submitOrder@2f177a4b]" started-at="2026-02-18T15:29:46 IST" name="openApplication" finished-at="2026-02-18T15:29:47 IST" duration-ms="1456" status="PASS">
          <reporter-output>
          </reporter-output>
        </test-method> <!-- openApplication -->
        <test-method signature="submitOrder(java.util.HashMap)[pri:0, instance:biz4group.tests.submitOrder@2f177a4b]" started-at="2026-02-18T15:29:47 IST" name="submitOrder" data-provider="getData" finished-at="2026-02-18T15:30:33 IST" duration-ms="45712" status="PASS">
          <params>
            <param index="0">
              <value>
                <![CDATA[{password=Test@123, email=hukowuhu@yopmail.com, productName=ZARA COAT 3}]]>
              </value>
            </param>
          </params>
          <reporter-output>
          </reporter-output>
        </test-method> <!-- submitOrder -->
        <test-method is-config="true" signature="closeBrowser()[pri:0, instance:biz4group.tests.submitOrder@2f177a4b]" started-at="2026-02-18T15:30:33 IST" name="closeBrowser" finished-at="2026-02-18T15:30:33 IST" duration-ms="207" status="PASS">
          <reporter-output>
          </reporter-output>
        </test-method> <!-- closeBrowser -->
        <test-method is-config="true" signature="openApplication()[pri:0, instance:biz4group.tests.submitOrder@2f177a4b]" started-at="2026-02-18T15:30:33 IST" name="openApplication" finished-at="2026-02-18T15:30:34 IST" duration-ms="1108" status="PASS">
          <reporter-output>
          </reporter-output>
        </test-method> <!-- openApplication -->
        <test-method signature="submitOrder(java.util.HashMap)[pri:0, instance:biz4group.tests.submitOrder@2f177a4b]" started-at="2026-02-18T15:30:34 IST" name="submitOrder" data-provider="getData" finished-at="2026-02-18T15:31:20 IST" duration-ms="45463" status="PASS">
          <params>
            <param index="0">
              <value>
                <![CDATA[{password=Test@123, email=dasadykege@yopmail.com, productName=ADIDAS ORIGINAL}]]>
              </value>
            </param>
          </params>
          <reporter-output>
          </reporter-output>
        </test-method> <!-- submitOrder -->
        <test-method is-config="true" signature="closeBrowser()[pri:0, instance:biz4group.tests.submitOrder@2f177a4b]" started-at="2026-02-18T15:31:20 IST" name="closeBrowser" finished-at="2026-02-18T15:31:20 IST" duration-ms="110" status="PASS">
          <reporter-output>
          </reporter-output>
        </test-method> <!-- closeBrowser -->
        <test-method is-config="true" signature="openApplication()[pri:0, instance:biz4group.tests.submitOrder@2f177a4b]" started-at="2026-02-18T15:31:20 IST" name="openApplication" finished-at="2026-02-18T15:31:23 IST" duration-ms="3339" status="PASS">
          <reporter-output>
          </reporter-output>
        </test-method> <!-- openApplication -->
        <test-method signature="orderHistory()[pri:0, instance:biz4group.tests.submitOrder@2f177a4b]" started-at="2026-02-18T15:31:23 IST" name="orderHistory" finished-at="2026-02-18T15:31:24 IST" depends-on-methods="biz4group.tests.submitOrder.submitOrder" duration-ms="387" status="PASS">
          <reporter-output>
          </reporter-output>
        </test-method> <!-- orderHistory -->
        <test-method is-config="true" signature="closeBrowser()[pri:0, instance:biz4group.tests.submitOrder@2f177a4b]" started-at="2026-02-18T15:31:24 IST" name="closeBrowser" finished-at="2026-02-18T15:31:24 IST" duration-ms="114" status="PASS">
          <reporter-output>
          </reporter-output>
        </test-method> <!-- closeBrowser -->
      </class> <!-- biz4group.tests.submitOrder -->
    </test> <!-- Submit Order Test -->
    <test started-at="2026-02-18T15:31:24 IST" name="StandAlone Test" finished-at="2026-02-18T15:31:24 IST" duration-ms="0">
    </test> <!-- StandAlone Test -->
    <test started-at="2026-02-18T15:31:24 IST" name="Error Validations Test" finished-at="2026-02-18T15:31:53 IST" duration-ms="29250">
      <class name="biz4group.tests.ErrorValidation">
        <test-method is-config="true" signature="openApplication()[pri:0, instance:biz4group.tests.ErrorValidation@35047d03]" started-at="2026-02-18T15:31:24 IST" name="openApplication" finished-at="2026-02-18T15:31:27 IST" duration-ms="2948" status="PASS">
          <reporter-output>
          </reporter-output>
        </test-method> <!-- openApplication -->
        <test-method signature="productDisplayError()[pri:0, instance:biz4group.tests.ErrorValidation@35047d03]" started-at="2026-02-18T15:31:27 IST" name="productDisplayError" finished-at="2026-02-18T15:31:51 IST" duration-ms="24234" status="PASS">
          <reporter-output>
          </reporter-output>
        </test-method> <!-- productDisplayError -->
        <test-method is-config="true" signature="closeBrowser()[pri:0, instance:biz4group.tests.ErrorValidation@35047d03]" started-at="2026-02-18T15:31:51 IST" name="closeBrowser" finished-at="2026-02-18T15:31:51 IST" duration-ms="150" status="PASS">
          <reporter-output>
          </reporter-output>
        </test-method> <!-- closeBrowser -->
        <test-method is-config="true" signature="openApplication()[pri:0, instance:biz4group.tests.ErrorValidation@35047d03]" started-at="2026-02-18T15:31:51 IST" name="openApplication" finished-at="2026-02-18T15:31:52 IST" duration-ms="1013" status="PASS">
          <reporter-output>
          </reporter-output>
        </test-method> <!-- openApplication -->
        <test-method signature="submitOrder()[pri:0, instance:biz4group.tests.ErrorValidation@35047d03]" started-at="2026-02-18T15:31:52 IST" name="submitOrder" finished-at="2026-02-18T15:31:53 IST" duration-ms="802" status="PASS">
          <reporter-output>
          </reporter-output>
        </test-method> <!-- submitOrder -->
        <test-method is-config="true" signature="closeBrowser()[pri:0, instance:biz4group.tests.ErrorValidation@35047d03]" started-at="2026-02-18T15:31:53 IST" name="closeBrowser" finished-at="2026-02-18T15:31:53 IST" duration-ms="99" status="PASS">
          <reporter-output>
          </reporter-output>
        </test-method> <!-- closeBrowser -->
      </class> <!-- biz4group.tests.ErrorValidation -->
    </test> <!-- Error Validations Test -->
  </suite> <!-- Suite -->
</testng-results>
