<?xml version="1.0" encoding="UTF-8"?>
<testsuite xmlns:xsi="http://www.w3.org/2001/XMLSchema-instance" xsi:noNamespaceSchemaLocation="https://maven.apache.org/surefire/maven-surefire-plugin/xsd/surefire-test-report.xsd" version="3.0.2" name="TestSuite" time="127.5" tests="5" errors="0" skipped="0" failures="0">
  <properties>
[...]
</properties>
  <testcase name="submitOrder[{password=Test@123, email=hukowuhu@yopmail.com, productName=ZARA COAT 3}](1)" classname="biz4group.tests.submitOrder" time="45.715">
    <system-out><![CDATA[[{password=Test@123, email=hukowuhu@yopmail.com, productName=ZARA COAT 3}, {password=Test@123, email=dasadykege@yopmail.com, productName=ADIDAS ORIGINAL}]
[{password=Test@123, email=hukowuhu@yopmail.com, productName=ZARA COAT 3}, {password=Test@123, email=dasadykege@yopmail.com, productName=ADIDAS ORIGINAL}]
]]></system-out>
    <system-err><![CDATA[SLF4J: Failed to load class "org.slf4j.impl.StaticLoggerBinder".
SLF4J: Defaulting to no-operation (NOP) logger implementation
SLF4J: See http://www.slf4j.org/codes.html#StaticLoggerBinder for further details.
Feb 18, 2026 3:29:47 PM org.openqa.selenium.devtools.CdpVersionFinder findNearestMatch
WARNING: Unable to find CDP implementation matching 145
Feb 18, 2026 3:29:47 PM org.openqa.selenium.chromium.ChromiumDriver lambda$new$4
WARNING: Unable to find version of CDP to use for 145.0.7632.76. You may need to include a dependency on a specific version of the CDP using something similar to `org.seleniumhq.selenium:selenium-devtools-v86:4.34.0` where the version ("v86") matches the version of the chromium-based browser you're using and the version number of the artifact is the same as Selenium's.
Feb 18, 2026 3:29:47 PM biz4group.pages.LandingPage goTo
INFO: Navigating to: https://rahulshettyacademy.com/client/
Feb 18, 2026 3:29:47 PM biz4group.pages.LandingPage login
INFO: Logging in with email: hukowuhu@yopmail.com
Feb 18, 2026 3:29:47 PM biz4group.pages.LandingPage login
INFO: Login submit clicked successfully
]]></system-err>
  </testcase>
  <testcase name="submitOrder[{password=Test@123, email=dasadykege@yopmail.com, productName=ADIDAS ORIGINAL}](2)" classname="biz4group.tests.submitOrder" time="45.463">
    <system-err><![CDATA[Feb 18, 2026 3:30:34 PM org.openqa.selenium.devtools.CdpVersionFinder findNearestMatch
WARNING: Unable to find CDP implementation matching 145
Feb 18, 2026 3:30:34 PM org.openqa.selenium.chromium.ChromiumDriver lambda$new$4
WARNING: Unable to find version of CDP to use for 145.0.7632.76. You may need to include a dependency on a specific version of the CDP using something similar to `org.seleniumhq.selenium:selenium-devtools-v86:4.34.0` where the version ("v86") matches the version of the chromium-based browser you're using and the version number of the artifact is the same as Selenium's.
Feb 18, 2026 3:30:34 PM biz4group.pages.LandingPage goTo
INFO: Navigating to: https://rahulshettyacademy.com/client/
Feb 18, 2026 3:30:34 PM biz4group.pages.LandingPage login
INFO: Logging in with email: dasadykege@yopmail.com
Feb 18, 2026 3:30:34 PM biz4group.pages.LandingPage login
INFO: Login submit clicked successfully
]]></system-err>
  </testcase>
  <testcase name="orderHistory" classname="biz4group.tests.submitOrder" time="0.387">
    <system-err><![CDATA[Feb 18, 2026 3:31:20 PM org.openqa.selenium.devtools.CdpVersionFinder findNearestMatch
WARNING: Unable to find CDP implementation matching 145
Feb 18, 2026 3:31:20 PM org.openqa.selenium.chromium.ChromiumDriver lambda$new$4
WARNING: Unable to find version of CDP to use for 145.0.7632.76. You may need to include a dependency on a specific version of the CDP using something similar to `org.seleniumhq.selenium:selenium-devtools-v86:4.34.0` where the version ("v86") matches the version of the chromium-based browser you're using and the version number of the artifact is the same as Selenium's.
Feb 18, 2026 3:31:20 PM biz4group.pages.LandingPage goTo
INFO: Navigating to: https://rahulshettyacademy.com/client/
Feb 18, 2026 3:31:23 PM biz4group.pages.LandingPage login
INFO: Logging in with email: hukowuhu@yopmail.com
Feb 18, 2026 3:31:23 PM biz4group.pages.LandingPage login
INFO: Login submit clicked successfully
]]></system-err>
  </testcase>
  <testcase name="productDisplayError" classname="biz4group.tests.ErrorValidation" time="24.234">
    <system-err><![CDATA[Feb 18, 2026 3:31:24 PM org.openqa.selenium.devtools.CdpVersionFinder findNearestMatch
WARNING: Unable to find CDP implementation matching 145
Feb 18, 2026 3:31:24 PM org.openqa.selenium.chromium.ChromiumDriver lambda$new$4
WARNING: Unable to find version of CDP to use for 145.0.7632.76. You may need to include a dependency on a specific version of the CDP using something similar to `org.seleniumhq.selenium:selenium-devtools-v86:4.34.0` where the version ("v86") matches the version of the chromium-based browser you're using and the version number of the artifact is the same as Selenium's.
Feb 18, 2026 3:31:24 PM biz4group.pages.LandingPage goTo
INFO: Navigating to: https://rahulshettyacademy.com/client/
Feb 18, 2026 3:31:27 PM biz4group.pages.LandingPage login
INFO: Logging in with email: suwuqi@yopmail.com
Feb 18, 2026 3:31:27 PM biz4group.pages.LandingPage login
INFO: Login submit clicked successfully
]]></system-err>
  </testcase>
  <testcase name="submitOrder" classname="biz4group.tests.ErrorValidation" time="0.802">
    <system-err><![CDATA[Feb 18, 2026 3:31:52 PM org.openqa.selenium.devtools.CdpVersionFinder findNearestMatch
WARNING: Unable to find CDP implementation matching 145
Feb 18, 2026 3:31:52 PM org.openqa.selenium.chromium.ChromiumDriver lambda$new$4
WARNING: Unable to find version of CDP to use for 145.0.7632.76. You may need to include a dependency on a specific version of the CDP using something similar to `org.seleniumhq.selenium:selenium-devtools-v86:4.34.0` where the version ("v86") matches the version of the chromium-based browser you're using and the version number of the artifact is the same as Selenium's.
Feb 18, 2026 3:31:52 PM biz4group.pages.LandingPage goTo
INFO: Navigating to: https://rahulshettyacademy.com/client/
Feb 18, 2026 3:31:52 PM biz4group.pages.LandingPage login
INFO: Logging in with email: hukowuhu@yopmail.com
Feb 18, 2026 3:31:52 PM biz4group.pages.LandingPage login
INFO: Login submit clicked successfully
Feb 18, 2026 3:31:52 PM biz4group.pages.LandingPage getErrorMessage
INFO: Retrieving error message
Feb 18, 2026 3:31:53 PM biz4group.pages.LandingPage getErrorMessage
WARNING: Error message retrieved: Incorrect email or password.
]]></system-err>
  </testcase>
</testsuite>