<?xml version="1.0" encoding="UTF-8"?>
<testng-results ignored="0" total="5" passed="4" failed="1" skipped="0">
  <reporter-output>
  </reporter-output>
  <suite started-at="2025-11-13T10:16:59 IST" name="Suite" finished-at="2025-11-13T10:17:17 IST" duration-ms="18035">
    <groups>
      <group name="ErrorHandling">
        <method signature="ErrorValidation.submitOrder()[pri:0, instance:biz4group.tests.ErrorValidation@662ac478]" name="submitOrder" class="biz4group.tests.ErrorValidation"/>
      </group> <!-- ErrorHandling -->
      <group name="purchase">
        <method signature="submitOrder.submitOrder(java.util.HashMap)[pri:0, instance:biz4group.tests.submitOrder@9597028]" name="submitOrder" class="biz4group.tests.submitOrder"/>
      </group> <!-- purchase -->
    </groups>
    <test started-at="2025-11-13T10:16:59 IST" name="StandAlone Test" finished-at="2025-11-13T10:16:59 IST" duration-ms="5">
    </test> <!-- StandAlone Test -->
    <test started-at="2025-11-13T10:16:59 IST" name="Error Validations Test" finished-at="2025-11-13T10:17:10 IST" duration-ms="10189">
      <class name="biz4group.tests.ErrorValidation">
        <test-method is-config="true" signature="openApplication()[pri:0, instance:biz4group.tests.ErrorValidation@662ac478]" started-at="2025-11-13T10:16:59 IST" name="openApplication" finished-at="2025-11-13T10:17:04 IST" duration-ms="4973" status="PASS">
          <reporter-output>
          </reporter-output>
        </test-method> <!-- openApplication -->
        <test-method signature="productDisplayError()[pri:0, instance:biz4group.tests.ErrorValidation@662ac478]" started-at="2025-11-13T10:17:04 IST" name="productDisplayError" finished-at="2025-11-13T10:17:07 IST" duration-ms="2207" status="PASS">
          <reporter-output>
          </reporter-output>
        </test-method> <!-- productDisplayError -->
        <test-method is-config="true" signature="closeBrowser()[pri:0, instance:biz4group.tests.ErrorValidation@662ac478]" started-at="2025-11-13T10:17:07 IST" name="closeBrowser" finished-at="2025-11-13T10:17:07 IST" duration-ms="182" status="PASS">
          <reporter-output>
          </reporter-output>
        </test-method> <!-- closeBrowser -->
        <test-method is-config="true" signature="openApplication()[pri:0, instance:biz4group.tests.ErrorValidation@662ac478]" started-at="2025-11-13T10:17:07 IST" name="openApplication" finished-at="2025-11-13T10:17:09 IST" duration-ms="1939" status="PASS">
          <reporter-output>
          </reporter-output>
        </test-method> <!-- openApplication -->
        <test-method signature="submitOrder()[pri:0, instance:biz4group.tests.ErrorValidation@662ac478]" started-at="2025-11-13T10:17:09 IST" name="submitOrder" finished-at="2025-11-13T10:17:09 IST" duration-ms="783" status="FAIL">
          <exception class="java.lang.AssertionError">
            <message>
              <![CDATA[expected [Incorrect email or password.] but found [Incorrect email  password.]]]>
            </message>
            <full-stacktrace>
              <![CDATA[java.lang.AssertionError: expected [Incorrect email or password.] but found [Incorrect email  password.]
at org.testng.Assert.fail(Assert.java:111)
at org.testng.Assert.failNotEquals(Assert.java:1590)
at org.testng.Assert.assertEqualsImpl(Assert.java:150)
at org.testng.Assert.assertEquals(Assert.java:132)
at org.testng.Assert.assertEquals(Assert.java:656)
at org.testng.Assert.assertEquals(Assert.java:666)
at biz4group.tests.ErrorValidation.submitOrder(ErrorValidation.java:21)
at java.base/jdk.internal.reflect.DirectMethodHandleAccessor.invoke(DirectMethodHandleAccessor.java:104)
at java.base/java.lang.reflect.Method.invoke(Method.java:565)
at org.testng.internal.invokers.MethodInvocationHelper.invokeMethod(MethodInvocationHelper.java:141)
at org.testng.internal.invokers.TestInvoker.invokeMethod(TestInvoker.java:687)
at org.testng.internal.invokers.TestInvoker.invokeTestMethod(TestInvoker.java:230)
at org.testng.internal.invokers.MethodRunner.runInSequence(MethodRunner.java:63)
at org.testng.internal.invokers.TestInvoker$MethodInvocationAgent.invoke(TestInvoker.java:995)
at org.testng.internal.invokers.TestInvoker.invokeTestMethods(TestInvoker.java:203)
at org.testng.internal.invokers.TestMethodWorker.invokeTestMethods(TestMethodWorker.java:154)
at org.testng.internal.invokers.TestMethodWorker.run(TestMethodWorker.java:134)
at java.base/java.util.ArrayList.forEach(ArrayList.java:1604)
at org.testng.TestRunner.privateRun(TestRunner.java:741)
at org.testng.TestRunner.run(TestRunner.java:616)
at org.testng.SuiteRunner.runTest(SuiteRunner.java:421)
at org.testng.SuiteRunner$SuiteWorker.run(SuiteRunner.java:463)
at org.testng.internal.thread.ThreadUtil.lambda$execute$0(ThreadUtil.java:64)
at java.base/java.util.concurrent.FutureTask.run(FutureTask.java:328)
at java.base/java.util.concurrent.ThreadPoolExecutor.runWorker(ThreadPoolExecutor.java:1095)
at java.base/java.util.concurrent.ThreadPoolExecutor$Worker.run(ThreadPoolExecutor.java:619)
at java.base/java.lang.Thread.run(Thread.java:1447)
]]>
            </full-stacktrace>
          </exception> <!-- java.lang.AssertionError -->
          <reporter-output>
          </reporter-output>
        </test-method> <!-- submitOrder -->
        <test-method is-config="true" signature="closeBrowser()[pri:0, instance:biz4group.tests.ErrorValidation@662ac478]" started-at="2025-11-13T10:17:09 IST" name="closeBrowser" finished-at="2025-11-13T10:17:10 IST" duration-ms="77" status="PASS">
          <reporter-output>
          </reporter-output>
        </test-method> <!-- closeBrowser -->
      </class> <!-- biz4group.tests.ErrorValidation -->
    </test> <!-- Error Validations Test -->
    <test started-at="2025-11-13T10:16:59 IST" name="Submit Order Test" finished-at="2025-11-13T10:17:17 IST" duration-ms="18035">
      <class name="biz4group.tests.submitOrder">
        <test-method is-config="true" signature="openApplication()[pri:0, instance:biz4group.tests.submitOrder@9597028]" started-at="2025-11-13T10:17:00 IST" name="openApplication" finished-at="2025-11-13T10:17:07 IST" duration-ms="7674" status="PASS">
          <reporter-output>
          </reporter-output>
        </test-method> <!-- openApplication -->
        <test-method signature="submitOrder(java.util.HashMap)[pri:0, instance:biz4group.tests.submitOrder@9597028]" started-at="2025-11-13T10:17:07 IST" name="submitOrder" data-provider="getData" finished-at="2025-11-13T10:17:10 IST" duration-ms="2834" status="PASS">
          <params>
            <param index="0">
              <value>
                <![CDATA[{password=Test@123, email=hukowuhu@yopmail.com, productName=ZARA COAT 3}]]>
              </value>
            </param>
          </params>
          <reporter-output>
          </reporter-output>
        </test-method> <!-- submitOrder -->
        <test-method is-config="true" signature="closeBrowser()[pri:0, instance:biz4group.tests.submitOrder@9597028]" started-at="2025-11-13T10:17:10 IST" name="closeBrowser" finished-at="2025-11-13T10:17:10 IST" duration-ms="86" status="PASS">
          <reporter-output>
          </reporter-output>
        </test-method> <!-- closeBrowser -->
        <test-method is-config="true" signature="openApplication()[pri:0, instance:biz4group.tests.submitOrder@9597028]" started-at="2025-11-13T10:17:10 IST" name="openApplication" finished-at="2025-11-13T10:17:13 IST" duration-ms="2614" status="PASS">
          <reporter-output>
          </reporter-output>
        </test-method> <!-- openApplication -->
        <test-method signature="submitOrder(java.util.HashMap)[pri:0, instance:biz4group.tests.submitOrder@9597028]" started-at="2025-11-13T10:17:13 IST" name="submitOrder" data-provider="getData" finished-at="2025-11-13T10:17:16 IST" duration-ms="2793" status="PASS">
          <params>
            <param index="0">
              <value>
                <![CDATA[{password=Test@123, email=dasadykege@yopmail.com, productName=ADIDAS ORIGINAL}]]>
              </value>
            </param>
          </params>
          <reporter-output>
          </reporter-output>
        </test-method> <!-- submitOrder -->
        <test-method is-config="true" signature="closeBrowser()[pri:0, instance:biz4group.tests.submitOrder@9597028]" started-at="2025-11-13T10:17:16 IST" name="closeBrowser" finished-at="2025-11-13T10:17:16 IST" duration-ms="34" status="PASS">
          <reporter-output>
          </reporter-output>
        </test-method> <!-- closeBrowser -->
        <test-method is-config="true" signature="openApplication()[pri:0, instance:biz4group.tests.submitOrder@9597028]" started-at="2025-11-13T10:17:16 IST" name="openApplication" finished-at="2025-11-13T10:17:17 IST" duration-ms="1036" status="PASS">
          <reporter-output>
          </reporter-output>
        </test-method> <!-- openApplication -->
        <test-method signature="orderHistory()[pri:0, instance:biz4group.tests.submitOrder@9597028]" started-at="2025-11-13T10:17:17 IST" name="orderHistory" finished-at="2025-11-13T10:17:17 IST" depends-on-methods="biz4group.tests.submitOrder.submitOrder" duration-ms="572" status="PASS">
          <reporter-output>
          </reporter-output>
        </test-method> <!-- orderHistory -->
        <test-method is-config="true" signature="closeBrowser()[pri:0, instance:biz4group.tests.submitOrder@9597028]" started-at="2025-11-13T10:17:17 IST" name="closeBrowser" finished-at="2025-11-13T10:17:17 IST" duration-ms="77" status="PASS">
          <reporter-output>
          </reporter-output>
        </test-method> <!-- closeBrowser -->
      </class> <!-- biz4group.tests.submitOrder -->
    </test> <!-- Submit Order Test -->
  </suite> <!-- Suite -->
</testng-results>
