<?xml version="1.0" encoding="UTF-8"?>
<!-- Generated by org.testng.reporters.JUnitReportReporter -->
<testsuite hostname="IndraSharma" failures="0" tests="3" name="biz4group.submitOrder" time="11.733" errors="0" timestamp="2025-11-05T11:12:25 IST" skipped="0">
  <testcase classname="biz4group.submitOrder" name="submitOrder" time="4.012"/>
  <testcase classname="biz4group.submitOrder" name="orderHistory" time="3.862"/>
  <testcase classname="biz4group.submitOrder" name="submitOrder" time="3.859"/>
</testsuite> <!-- biz4group.submitOrder -->
