<?xml version="1.0" encoding="UTF-8"?>
<!-- Generated by org.testng.reporters.JUnitReportReporter -->
<testsuite hostname="IndraSharma" failures="0" tests="3" name="biz4group.tests.submitOrder" time="17.720" errors="0" timestamp="2025-11-13T10:17:17 IST" skipped="0">
  <testcase classname="biz4group.tests.submitOrder" name="orderHistory" time="8.323"/>
  <testcase classname="biz4group.tests.submitOrder" name="submitOrder" time="3.956"/>
  <testcase classname="biz4group.tests.submitOrder" name="submitOrder" time="5.441"/>
</testsuite> <!-- biz4group.tests.submitOrder -->
