<?xml version="1.0" encoding="UTF-8"?>
<!-- Generated by org.testng.reporters.JUnitReportReporter -->
<testsuite hostname="IndraSharma" failures="0" tests="3" name="biz4group.tests.submitOrder" time="97.896" errors="0" timestamp="2026-02-18T15:31:53 IST" skipped="0">
  <testcase classname="biz4group.tests.submitOrder" name="orderHistory" time="1.953"/>
  <testcase classname="biz4group.tests.submitOrder" name="submitOrder" time="46.934"/>
  <testcase classname="biz4group.tests.submitOrder" name="submitOrder" time="49.009"/>
</testsuite> <!-- biz4group.tests.submitOrder -->
