<?xml version="1.0" encoding="UTF-8"?>
<!-- Generated by org.testng.reporters.JUnitReportReporter -->
<testsuite hostname="IndraSharma" failures="0" tests="3" name="biz4group.tests.submitOrder" time="11.956" errors="0" timestamp="2026-02-04T15:25:16 IST" skipped="0">
  <testcase classname="biz4group.tests.submitOrder" name="submitOrder" time="3.977"/>
  <testcase classname="biz4group.tests.submitOrder" name="orderHistory" time="3.844"/>
  <testcase classname="biz4group.tests.submitOrder" name="submitOrder" time="4.135"/>
</testsuite> <!-- biz4group.tests.submitOrder -->
