<?xml version="1.0" encoding="UTF-8"?>
<!-- Generated by org.testng.reporters.JUnitReportReporter -->
<testsuite hostname="IndraSharma" failures="0" tests="2" name="biz4group.tests.ErrorValidation" time="5.695" errors="0" timestamp="2026-02-04T15:25:16 IST" skipped="0">
  <testcase classname="biz4group.tests.ErrorValidation" name="submitOrder" time="2.373"/>
  <testcase classname="biz4group.tests.ErrorValidation" name="productDisplayError" time="3.322"/>
</testsuite> <!-- biz4group.tests.ErrorValidation -->
