<?xml version="1.0" encoding="UTF-8"?>
<!-- Generated by org.testng.reporters.JUnitReportReporter -->
<testsuite hostname="IndraSharma" failures="0" tests="2" name="biz4group.tests.ErrorValidation" time="29.246" errors="0" timestamp="2026-02-18T15:31:53 IST" skipped="0">
  <testcase classname="biz4group.tests.ErrorValidation" name="submitOrder" time="1.914"/>
  <testcase classname="biz4group.tests.ErrorValidation" name="productDisplayError" time="27.332"/>
</testsuite> <!-- biz4group.tests.ErrorValidation -->
